0 info it worked if it ends with ok
1 verbose cli [ '/usr/bin/nodejs', '/usr/bin/npm', 'run-script', 'lint:watch' ]
2 info using npm@3.5.2
3 info using node@v4.2.6
4 verbose run-script [ 'prelint:watch', 'lint:watch', 'postlint:watch' ]
5 info lifecycle redux_app@1.0.0~prelint:watch: redux_app@1.0.0
6 silly lifecycle redux_app@1.0.0~prelint:watch: no script for prelint:watch, continuing
7 info lifecycle redux_app@1.0.0~lint:watch: redux_app@1.0.0
8 verbose lifecycle redux_app@1.0.0~lint:watch: unsafe-perm in lifecycle true
9 verbose lifecycle redux_app@1.0.0~lint:watch: PATH: /usr/share/npm/bin/node-gyp-bin:/home/shubhi/repo/shopping_cart/node_modules/.bin:/usr/share/npm/bin/node-gyp-bin:/home/shubhi/repo/shopping_cart/node_modules/.bin:/home/shubhi/bin:/home/shubhi/.local/bin:/home/shubhi/bin:/home/shubhi/.local/bin:/usr/local/sbin:/usr/local/bin:/usr/sbin:/usr/bin:/sbin:/bin:/usr/games:/usr/local/games
10 verbose lifecycle redux_app@1.0.0~lint:watch: CWD: /home/shubhi/repo/shopping_cart
11 silly lifecycle redux_app@1.0.0~lint:watch: Args: [ '-c', 'npm run lint -- --watch' ]
12 silly lifecycle redux_app@1.0.0~lint:watch: Returned: code: 1  signal: null
13 info lifecycle redux_app@1.0.0~lint:watch: Failed to exec lint:watch script
14 verbose stack Error: redux_app@1.0.0 lint:watch: `npm run lint -- --watch`
14 verbose stack Exit status 1
14 verbose stack     at EventEmitter.<anonymous> (/usr/share/npm/lib/utils/lifecycle.js:232:16)
14 verbose stack     at emitTwo (events.js:87:13)
14 verbose stack     at EventEmitter.emit (events.js:172:7)
14 verbose stack     at ChildProcess.<anonymous> (/usr/share/npm/lib/utils/spawn.js:24:14)
14 verbose stack     at emitTwo (events.js:87:13)
14 verbose stack     at ChildProcess.emit (events.js:172:7)
14 verbose stack     at maybeClose (internal/child_process.js:821:16)
14 verbose stack     at Process.ChildProcess._handle.onexit (internal/child_process.js:211:5)
15 verbose pkgid redux_app@1.0.0
16 verbose cwd /home/shubhi/repo/shopping_cart
17 error Linux 4.8.0-53-generic
18 error argv "/usr/bin/nodejs" "/usr/bin/npm" "run-script" "lint:watch"
19 error node v4.2.6
20 error npm  v3.5.2
21 error code ELIFECYCLE
22 error redux_app@1.0.0 lint:watch: `npm run lint -- --watch`
22 error Exit status 1
23 error Failed at the redux_app@1.0.0 lint:watch script 'npm run lint -- --watch'.
23 error Make sure you have the latest version of node.js and npm installed.
23 error If you do, this is most likely a problem with the redux_app package,
23 error not with npm itself.
23 error Tell the author that this fails on your system:
23 error     npm run lint -- --watch
23 error You can get information on how to open an issue for this project with:
23 error     npm bugs redux_app
23 error Or if that isn't available, you can get their info via:
23 error     npm owner ls redux_app
23 error There is likely additional logging output above.
24 verbose exit [ 1, true ]
